Arguments: 
  /usr/local/bin/node /usr/local/Cellar/yarn/1.5.1_1/libexec/bin/yarn.js

PATH: 
  /usr/local/bin:/usr/bin:/bin:/usr/sbin:/sbin

Yarn version: 
  1.5.1

Node version: 
  9.3.0

Platform: 
  darwin x64

npm manifest: 
  {
    "name": "email-survey-app",
    "version": "1.0.0",
    "description": "Web app that sends survey emails to listed users.",
    "main": "index.js",
    "engines": {
      "node": "8.1.1",
      "npm": "5.0.3"
    },
    "dependencies": {
      "express": "^4.16.3",
      "mongoose": "^5.0.14",
      "nodemon": "^1.17.3",
      "passport": "^0.4.0",
      "passport-google-oauth20": "^1.0.0"
    },
    "devDependencies": {},
    "scripts": {
      "start": "node index.js",
      "dev": "nodemon index.js"
    },
    "repository": {
      "type": "git",
      "url": "git+https://github.com/kvaldillez/email-survey-app.git"
    },
    "author": "",
    "license": "ISC",
    "bugs": {
      "url": "https://github.com/kvaldillez/email-survey-app/issues"
    },
    "homepage": "https://github.com/kvaldillez/email-survey-app#readme"
  }

yarn manifest: 
  No manifest

Lockfile: 
  No lockfile

Trace: 
  Error: Found incompatible module
      at new MessageError (/usr/local/Cellar/yarn/1.5.1_1/libexec/lib/cli.js:186:110)
      at Object.checkOne (/usr/local/Cellar/yarn/1.5.1_1/libexec/lib/cli.js:62444:11)
      at /usr/local/Cellar/yarn/1.5.1_1/libexec/lib/cli.js:22773:75
      at Generator.next (<anonymous>)
      at step (/usr/local/Cellar/yarn/1.5.1_1/libexec/lib/cli.js:98:30)
      at /usr/local/Cellar/yarn/1.5.1_1/libexec/lib/cli.js:116:14
      at new Promise (<anonymous>)
      at new F (/usr/local/Cellar/yarn/1.5.1_1/libexec/lib/cli.js:23451:28)
      at /usr/local/Cellar/yarn/1.5.1_1/libexec/lib/cli.js:95:12
      at /usr/local/Cellar/yarn/1.5.1_1/libexec/lib/cli.js:22777:27
